<?xml version="1.0" encoding="UTF-8"?>
<testsuite name="TestSuite" time="2.004" tests="1" errors="0" skipped="0" failures="0">
  <properties>
    <property name="JOB_NAME" value="inetBankingV1_Maven"/>
    <property name="java.vendor" value="Amazon.com Inc."/>
    <property name="sun.java.launcher" value="SUN_STANDARD"/>
    <property name="RUN_TESTS_DISPLAY_URL" value="http://localhost:8080/job/inetBankingV1_Maven/7/display/redirect?page=tests"/>
    <property name="sun.management.compiler" value="HotSpot 64-Bit Tiered Compilers"/>
    <property name="JENKINS_HOME" value="/Users/anish.batra/.jenkins"/>
    <property name="PATH" value="/Users/anish.batra/Library/Java/JavaVirtualMachines/corretto-11.0.12/Contents/Home/bin:/usr/bin:/bin:/usr/sbin:/sbin"/>
    <property name="HUDSON_SERVER_COOKIE" value="d9c917b355b71d09"/>
    <property name="POM_ARTIFACTID" value="inetBankingV1"/>
    <property name="os.name" value="Mac OS X"/>
    <property name="EXECUTOR_NUMBER" value="1"/>
    <property name="java.vm.specification.vendor" value="Oracle Corporation"/>
    <property name="POM_DISPLAYNAME" value="inetBankingV1"/>
    <property name="NODE_LABELS" value="built-in"/>
    <property name="java.runtime.version" value="11.0.12+7-LTS"/>
    <property name="user.name" value="anish.batra"/>
    <property name="guice.disable.misplaced.annotation.check" value="true"/>
    <property name="user.language" value="en"/>
    <property name="JOB_BASE_NAME" value="inetBankingV1_Maven"/>
    <property name="RUN_CHANGES_DISPLAY_URL" value="http://localhost:8080/job/inetBankingV1_Maven/7/display/redirect?page=changes"/>
    <property name="BUILD_DISPLAY_NAME" value="#7"/>
    <property name="TMPDIR" value="/var/folders/ly/fs5c_5z96p395rgk4d9nrrkw0000gq/T/"/>
    <property name="sun.boot.library.path" value="/Users/anish.batra/Library/Java/JavaVirtualMachines/corretto-11.0.12/Contents/Home/lib"/>
    <property name="java.vm.compressedOopsMode" value="Zero based"/>
    <property name="java.version" value="11.0.12"/>
    <property name="XPC_FLAGS" value="0x0"/>
    <property name="user.timezone" value="America/Toronto"/>
    <property name="sun.arch.data.model" value="64"/>
    <property name="NODE_NAME" value="built-in"/>
    <property name="http.nonProxyHosts" value="local|*.local|169.254/16|*.169.254/16"/>
    <property name="BUILD_ID" value="7"/>
    <property name="sun.cpu.isalist" value=""/>
    <property name="sun.jnu.encoding" value="UTF-8"/>
    <property name="SHELL" value="/bin/zsh"/>
    <property name="file.separator" value="/"/>
    <property name="java.specification.name" value="Java Platform API Specification"/>
    <property name="maven.conf" value="/Users/apache-maven-3.8.4/conf"/>
    <property name="java.class.version" value="55.0"/>
    <property name="org.slf4j.simpleLogger.defaultLogLevel" value="info"/>
    <property name="user.country" value="CA"/>
    <property name="java.home" value="/Users/anish.batra/Library/Java/JavaVirtualMachines/corretto-11.0.12/Contents/Home"/>
    <property name="java.vm.info" value="mixed mode"/>
    <property name="os.version" value="12.0.1"/>
    <property name="RUN_DISPLAY_URL" value="http://localhost:8080/job/inetBankingV1_Maven/7/display/redirect"/>
    <property name="POM_VERSION" value="0.0.1-SNAPSHOT"/>
    <property name="sun.font.fontmanager" value="sun.font.CFontManager"/>
    <property name="path.separator" value=":"/>
    <property name="RUN_ARTIFACTS_DISPLAY_URL" value="http://localhost:8080/job/inetBankingV1_Maven/7/display/redirect?page=artifacts"/>
    <property name="java.vm.version" value="11.0.12+7-LTS"/>
    <property name="JOB_DISPLAY_URL" value="http://localhost:8080/job/inetBankingV1_Maven/display/redirect"/>
    <property name="JAVA_MAIN_CLASS_97812" value="Main"/>
    <property name="java.awt.printerjob" value="sun.lwawt.macosx.CPrinterJob"/>
    <property name="JAVA_HOME" value="/Users/anish.batra/Library/Java/JavaVirtualMachines/corretto-11.0.12/Contents/Home"/>
    <property name="sun.io.unicode.encoding" value="UnicodeBig"/>
    <property name="awt.toolkit" value="sun.lwawt.macosx.LWCToolkit"/>
    <property name="LOGNAME" value="anish.batra"/>
    <property name="POM_PACKAGING" value="jar"/>
    <property name="socksNonProxyHosts" value="local|*.local|169.254/16|*.169.254/16"/>
    <property name="HOME" value="/Users/anish.batra"/>
    <property name="ftp.nonProxyHosts" value="local|*.local|169.254/16|*.169.254/16"/>
    <property name="POM_GROUPID" value="inetBankingV1"/>
    <property name="user.home" value="/Users/anish.batra"/>
    <property name="BUILD_TAG" value="jenkins-inetBankingV1_Maven-7"/>
    <property name="JENKINS_SERVER_COOKIE" value="d9c917b355b71d09"/>
    <property name="XPC_SERVICE_NAME" value="homebrew.mxcl.jenkins-lts"/>
    <property name="HUDSON_URL" value="http://localhost:8080/"/>
    <property name="java.version.date" value="2021-07-20"/>
    <property name="java.specification.vendor" value="Oracle Corporation"/>
    <property name="CLASSPATH" value=""/>
    <property name="java.library.path" value="/Users/anish.batra/Library/Java/Extensions:/Library/Java/Extensions:/Network/Library/Java/Extensions:/System/Library/Java/Extensions:/usr/lib/java:."/>
    <property name="java.vendor.url" value="https://aws.amazon.com/corretto/"/>
    <property name="java.vm.vendor" value="Amazon.com Inc."/>
    <property name="gopherProxySet" value="false"/>
    <property name="java.runtime.name" value="OpenJDK Runtime Environment"/>
    <property name="maven.home" value="/Users/apache-maven-3.8.4"/>
    <property name="sun.java.command" value="jenkins.maven3.agent.Maven35Main /Users/apache-maven-3.8.4/ /Users/anish.batra/.jenkins/war/WEB-INF/lib/remoting-4.12.jar /Users/anish.batra/.jenkins/plugins/maven-plugin/WEB-INF/lib/maven35-interceptor-1.13.jar /Users/anish.batra/.jenkins/plugins/maven-plugin/WEB-INF/lib/maven3-interceptor-commons-1.13.jar 56094"/>
    <property name="java.class.path" value="/Users/anish.batra/.jenkins/plugins/maven-plugin/WEB-INF/lib/maven35-agent-1.13.jar:/Users/apache-maven-3.8.4/boot/plexus-classworlds-2.6.0.jar:/Users/apache-maven-3.8.4/conf/logging"/>
    <property name="jdk.debug" value="release"/>
    <property name="java.vm.specification.name" value="Java Virtual Machine Specification"/>
    <property name="jansi.mode" value="strip"/>
    <property name="PATH+JDK" value="/Users/anish.batra/Library/Java/JavaVirtualMachines/corretto-11.0.12/Contents/Home/bin"/>
    <property name="java.vm.specification.version" value="11"/>
    <property name="M2_HOME" value="/Users/apache-maven-3.8.4/"/>
    <property name="sun.cpu.endian" value="little"/>
    <property name="sun.os.patch.level" value="unknown"/>
    <property name="CI" value="true"/>
    <property name="java.io.tmpdir" value="/var/folders/ly/fs5c_5z96p395rgk4d9nrrkw0000gq/T/"/>
    <property name="HUDSON_HOME" value="/Users/anish.batra/.jenkins"/>
    <property name="PATH+MAVEN" value="/Users/apache-maven-3.8.4//bin"/>
    <property name="java.vendor.url.bug" value="https://github.com/corretto/corretto-11/issues/"/>
    <property name="BUILD_URL" value="http://localhost:8080/job/inetBankingV1_Maven/7/"/>
    <property name="SSH_AUTH_SOCK" value="/private/tmp/com.apple.launchd.eKFkxDCxqy/Listeners"/>
    <property name="os.arch" value="x86_64"/>
    <property name="java.awt.graphicsenv" value="sun.awt.CGraphicsEnvironment"/>
    <property name="__CF_USER_TEXT_ENCODING" value="0x1F7:0x0:0x52"/>
    <property name="user.dir" value="/Users/anish.batra/eclipse-workspace/inetBankingV1"/>
    <property name="JOB_URL" value="http://localhost:8080/job/inetBankingV1_Maven/"/>
    <property name="MAVEN_HOME" value="/Users/apache-maven-3.8.4/"/>
    <property name="line.separator" value="&#10;"/>
    <property name="java.vm.name" value="OpenJDK 64-Bit Server VM"/>
    <property name="BUILD_NUMBER" value="7"/>
    <property name="JENKINS_URL" value="http://localhost:8080/"/>
    <property name="file.encoding" value="UTF-8"/>
    <property name="maven3.interceptor" value="/Users/anish.batra/.jenkins/plugins/maven-plugin/WEB-INF/lib/maven35-interceptor-1.13.jar"/>
    <property name="WORKSPACE_TMP" value="/Users/anish.batra/.jenkins/workspace/inetBankingV1_Maven@tmp"/>
    <property name="WORKSPACE" value="/Users/anish.batra/.jenkins/workspace/inetBankingV1_Maven"/>
    <property name="maven3.interceptor.common" value="/Users/anish.batra/.jenkins/plugins/maven-plugin/WEB-INF/lib/maven3-interceptor-commons-1.13.jar"/>
    <property name="java.specification.version" value="11"/>
    <property name="java.vendor.version" value="Corretto-11.0.12.7.2"/>
    <property name="USER" value="anish.batra"/>
  </properties>
  <testcase name="loginTest" classname="com.inetbanking.testCases.TC_LoginTest_001" time="2.004"/>
</testsuite>