<?xml version="1.0" encoding="UTF-8"?>
<!-- Generated by org.testng.reporters.JUnitReportReporter -->
<testsuite hostname="PGY-MAC-149.local" failures="0" tests="1" name="com.inetbanking.testCases.TC_LoginTest_001" time="2.004" errors="0" timestamp="2022-03-12T11:08:24 EST" skipped="0">
  <testcase classname="com.inetbanking.testCases.TC_LoginTest_001" name="loginTest" time="2.004"/>
  <system-out/>
</testsuite> <!-- com.inetbanking.testCases.TC_LoginTest_001 -->
